{"level":"info","message":"Piper server listening on port 3000 in development mode","timestamp":"2015-03-17T18:13:53.146Z"}
{"level":"info","message":"Successfully connected to: mongodb://localhost/piper","timestamp":"2015-03-17T18:13:53.161Z"}
{"level":"info","message":"Updating registry for client mobilizr...","timestamp":"2015-03-17T18:13:53.164Z"}
{"level":"info","message":"Updating registry for client c2gstudio...","timestamp":"2015-03-17T18:13:53.178Z"}
{"level":"info","message":"Registered connection for client: mobilizr","timestamp":"2015-03-17T18:13:53.181Z"}
{"level":"info","message":"Registered connection for client: c2gstudio","timestamp":"2015-03-17T18:13:53.181Z"}
{"level":"info","message":"Welcome to Slack. You are @blonker of devstudio","timestamp":"2015-03-17T18:13:57.620Z"}
{"level":"info","message":"You are in: #general","timestamp":"2015-03-17T18:13:57.620Z"}
{"level":"info","message":"As well as: ","timestamp":"2015-03-17T18:13:57.620Z"}
{"level":"info","message":"You have 3 unread messages","timestamp":"2015-03-17T18:13:57.620Z"}
{"level":"info","message":"Welcome to Slack. You are @blanka of Mobilizr","timestamp":"2015-03-17T18:13:57.631Z"}
{"level":"info","message":"You are in: #general","timestamp":"2015-03-17T18:13:57.631Z"}
{"level":"info","message":"As well as: ","timestamp":"2015-03-17T18:13:57.631Z"}
{"level":"info","message":"You have 1 unread message","timestamp":"2015-03-17T18:13:57.631Z"}
{"level":"info","message":"Piper server listening on port 3000 in development mode","timestamp":"2015-03-17T18:14:04.100Z"}
{"level":"info","message":"Successfully connected to: mongodb://localhost/piper","timestamp":"2015-03-17T18:14:04.116Z"}
{"level":"info","message":"Updating registry for client mobilizr...","timestamp":"2015-03-17T18:14:04.120Z"}
{"level":"info","message":"Updating registry for client c2gstudio...","timestamp":"2015-03-17T18:14:04.146Z"}
{"level":"info","message":"Registered connection for client: mobilizr","timestamp":"2015-03-17T18:14:04.149Z"}
{"level":"info","message":"Registered connection for client: c2gstudio","timestamp":"2015-03-17T18:14:04.149Z"}
{"level":"info","message":"Welcome to Slack. You are @blanka of Mobilizr","timestamp":"2015-03-17T18:14:07.992Z"}
{"level":"info","message":"You are in: #general","timestamp":"2015-03-17T18:14:07.992Z"}
{"level":"info","message":"As well as: ","timestamp":"2015-03-17T18:14:07.992Z"}
{"level":"info","message":"You have 1 unread message","timestamp":"2015-03-17T18:14:07.992Z"}
{"level":"info","message":"Welcome to Slack. You are @blonker of devstudio","timestamp":"2015-03-17T18:14:08.302Z"}
{"level":"info","message":"You are in: #general","timestamp":"2015-03-17T18:14:08.302Z"}
{"level":"info","message":"As well as: ","timestamp":"2015-03-17T18:14:08.302Z"}
{"level":"info","message":"You have 3 unread messages","timestamp":"2015-03-17T18:14:08.302Z"}
{"level":"info","message":"Piper server listening on port 3000 in development mode","timestamp":"2015-03-17T18:14:45.553Z"}
{"level":"info","message":"Successfully connected to: mongodb://localhost/piper","timestamp":"2015-03-17T18:14:45.568Z"}
{"level":"info","message":"Updating registry for client mobilizr...","timestamp":"2015-03-17T18:14:45.572Z"}
{"level":"info","message":"Updating registry for client c2gstudio...","timestamp":"2015-03-17T18:14:45.587Z"}
{"level":"info","message":"Registered connection for client: mobilizr","timestamp":"2015-03-17T18:14:45.591Z"}
{"level":"info","message":"Registered connection for client: c2gstudio","timestamp":"2015-03-17T18:14:45.591Z"}
{"level":"info","message":"Welcome to Slack. You are @blonker of devstudio","timestamp":"2015-03-17T18:14:51.244Z"}
{"level":"info","message":"You are in: #general","timestamp":"2015-03-17T18:14:51.244Z"}
{"level":"info","message":"As well as: ","timestamp":"2015-03-17T18:14:51.244Z"}
{"level":"info","message":"You have 3 unread messages","timestamp":"2015-03-17T18:14:51.244Z"}
{"level":"info","message":"Welcome to Slack. You are @blanka of Mobilizr","timestamp":"2015-03-17T18:14:51.340Z"}
{"level":"info","message":"You are in: #general","timestamp":"2015-03-17T18:14:51.340Z"}
{"level":"info","message":"As well as: ","timestamp":"2015-03-17T18:14:51.340Z"}
{"level":"info","message":"You have 1 unread message","timestamp":"2015-03-17T18:14:51.340Z"}
{"level":"info","message":"Piper server listening on port 3000 in development mode","timestamp":"2015-03-17T18:15:44.202Z"}
{"level":"info","message":"Successfully connected to: mongodb://localhost/piper","timestamp":"2015-03-17T18:15:44.217Z"}
{"level":"info","message":"Updating registry for client mobilizr...","timestamp":"2015-03-17T18:15:44.221Z"}
{"level":"info","message":"Updating registry for client c2gstudio...","timestamp":"2015-03-17T18:15:44.235Z"}
{"level":"info","message":"Registered connection for client: mobilizr","timestamp":"2015-03-17T18:15:44.238Z"}
{"level":"info","message":"Registered connection for client: c2gstudio","timestamp":"2015-03-17T18:15:44.238Z"}
{"level":"info","message":"Welcome to Slack. You are @blonker of devstudio","timestamp":"2015-03-17T18:15:52.504Z"}
{"level":"info","message":"You are in: #general","timestamp":"2015-03-17T18:15:52.504Z"}
{"level":"info","message":"As well as: ","timestamp":"2015-03-17T18:15:52.504Z"}
{"level":"info","message":"You have 3 unread messages","timestamp":"2015-03-17T18:15:52.504Z"}
{"level":"info","message":"Welcome to Slack. You are @blanka of Mobilizr","timestamp":"2015-03-17T18:15:52.506Z"}
{"level":"info","message":"You are in: #general","timestamp":"2015-03-17T18:15:52.506Z"}
{"level":"info","message":"As well as: ","timestamp":"2015-03-17T18:15:52.506Z"}
{"level":"info","message":"You have 1 unread message","timestamp":"2015-03-17T18:15:52.506Z"}
{"level":"info","message":"Piper server listening on port 3000 in development mode","timestamp":"2015-03-17T18:17:42.402Z"}
{"level":"info","message":"Successfully connected to: mongodb://localhost/piper","timestamp":"2015-03-17T18:17:42.416Z"}
{"level":"info","message":"Updating registry for client mobilizr...","timestamp":"2015-03-17T18:17:42.420Z"}
{"level":"info","message":"Updating registry for client c2gstudio...","timestamp":"2015-03-17T18:17:42.435Z"}
{"level":"info","message":"Registered connection for client: mobilizr","timestamp":"2015-03-17T18:17:42.438Z"}
{"level":"info","message":"Registered connection for client: c2gstudio","timestamp":"2015-03-17T18:17:42.438Z"}
{"level":"info","message":"[Client: 54f4b9f27355bca9db02ee3f - Mobilizr] Connection established...listening for messages","timestamp":"2015-03-17T18:17:51.440Z"}
{"level":"info","message":"Welcome to Slack. You are @blanka of Mobilizr","timestamp":"2015-03-17T18:17:51.440Z"}
{"level":"info","message":"You are in: #general","timestamp":"2015-03-17T18:17:51.440Z"}
{"level":"info","message":"As well as: ","timestamp":"2015-03-17T18:17:51.440Z"}
{"level":"info","message":"You have 1 unread message","timestamp":"2015-03-17T18:17:51.441Z"}
{"level":"info","message":"[Client: 54f4b9f27355bca9db02ee40 - C2G Studio] Connection established...listening for messages","timestamp":"2015-03-17T18:17:51.456Z"}
{"level":"info","message":"Welcome to Slack. You are @blonker of devstudio","timestamp":"2015-03-17T18:17:51.456Z"}
{"level":"info","message":"You are in: #general","timestamp":"2015-03-17T18:17:51.456Z"}
{"level":"info","message":"As well as: ","timestamp":"2015-03-17T18:17:51.456Z"}
{"level":"info","message":"You have 3 unread messages","timestamp":"2015-03-17T18:17:51.456Z"}
{"level":"info","message":"Received: message kachi @kachi 1426616335.000002 \"sup you\"","timestamp":"2015-03-17T18:18:57.960Z"}
{"level":"info","message":"No context: {\"state\":\"\"}","timestamp":"2015-03-17T18:18:57.964Z"}
{"level":"info","message":"Low confidence, changing intent to intent_not_found","timestamp":"2015-03-17T18:19:01.899Z"}
{"level":"info","message":"@blanka responded with \"Sup yo yo.\"","timestamp":"2015-03-17T18:19:07.178Z"}
{"level":"info","message":"[Client: 54f4b9f27355bca9db02ee3f - Mobilizr] Response dispatched to kachi for message: sup you","timestamp":"2015-03-17T18:19:07.179Z"}
{"level":"info","message":"Received: message kachi @kachi 1426616358.000004 \"lol\"","timestamp":"2015-03-17T18:19:20.974Z"}
{"level":"info","message":"Low confidence, changing intent to intent_not_found","timestamp":"2015-03-17T18:19:22.353Z"}
{"level":"info","message":"@blanka responded with \"XD.\"","timestamp":"2015-03-17T18:19:30.292Z"}
{"level":"info","message":"[Client: 54f4b9f27355bca9db02ee3f - Mobilizr] Response dispatched to kachi for message: lol","timestamp":"2015-03-17T18:19:30.293Z"}
{"level":"info","message":"[Client: 54f4b9f27355bca9db02ee3f - Mobilizr] Error: ENOTFOUND","timestamp":"2015-03-17T18:34:42.116Z"}
{"level":"info","message":"[Client: 54f4b9f27355bca9db02ee40 - C2G Studio] Error: ENOTFOUND","timestamp":"2015-03-17T18:34:42.116Z"}
{"level":"info","message":"[Client: 54f4b9f27355bca9db02ee40 - C2G Studio] Error: ENOTFOUND","timestamp":"2015-03-17T18:34:44.120Z"}
{"level":"info","message":"[Client: 54f4b9f27355bca9db02ee3f - Mobilizr] Error: ENOTFOUND","timestamp":"2015-03-17T18:34:44.120Z"}
{"level":"info","message":"[Client: 54f4b9f27355bca9db02ee40 - C2G Studio] Error: ENOTFOUND","timestamp":"2015-03-17T18:34:47.130Z"}
{"level":"info","message":"[Client: 54f4b9f27355bca9db02ee3f - Mobilizr] Error: ENOTFOUND","timestamp":"2015-03-17T18:34:47.130Z"}
{"level":"info","message":"[Client: 54f4b9f27355bca9db02ee40 - C2G Studio] Error: ENOTFOUND","timestamp":"2015-03-17T18:34:51.141Z"}
{"level":"info","message":"[Client: 54f4b9f27355bca9db02ee3f - Mobilizr] Error: ENOTFOUND","timestamp":"2015-03-17T18:34:51.141Z"}
{"level":"info","message":"[Client: 54f4b9f27355bca9db02ee40 - C2G Studio] Error: ENOTFOUND","timestamp":"2015-03-17T18:34:56.151Z"}
{"level":"info","message":"[Client: 54f4b9f27355bca9db02ee3f - Mobilizr] Error: ENOTFOUND","timestamp":"2015-03-17T18:34:56.152Z"}
{"level":"info","message":"[Client: 54f4b9f27355bca9db02ee40 - C2G Studio] Error: ENOTFOUND","timestamp":"2015-03-17T18:35:02.163Z"}
{"level":"info","message":"[Client: 54f4b9f27355bca9db02ee3f - Mobilizr] Error: ENOTFOUND","timestamp":"2015-03-17T18:35:02.163Z"}
{"level":"info","message":"[Client: 54f4b9f27355bca9db02ee40 - C2G Studio] Error: ENOTFOUND","timestamp":"2015-03-17T18:55:59.858Z"}
{"level":"info","message":"[Client: 54f4b9f27355bca9db02ee3f - Mobilizr] Error: ENOTFOUND","timestamp":"2015-03-17T18:55:59.859Z"}
{"level":"info","message":"[Client: 54f4b9f27355bca9db02ee40 - C2G Studio] Error: ENOTFOUND","timestamp":"2015-03-17T18:56:07.863Z"}
{"level":"info","message":"[Client: 54f4b9f27355bca9db02ee3f - Mobilizr] Error: ENOTFOUND","timestamp":"2015-03-17T18:56:07.864Z"}
{"level":"info","message":"[Client: 54f4b9f27355bca9db02ee3f - Mobilizr] Connection established...listening for messages","timestamp":"2015-03-17T18:56:23.160Z"}
{"level":"info","message":"Welcome to Slack. You are @blanka of Mobilizr","timestamp":"2015-03-17T18:56:23.160Z"}
{"level":"info","message":"You are in: #general","timestamp":"2015-03-17T18:56:23.160Z"}
{"level":"info","message":"As well as: ","timestamp":"2015-03-17T18:56:23.160Z"}
{"level":"info","message":"You have 1 unread message","timestamp":"2015-03-17T18:56:23.160Z"}
{"level":"info","message":"[Client: 54f4b9f27355bca9db02ee40 - C2G Studio] Connection established...listening for messages","timestamp":"2015-03-17T18:56:23.161Z"}
{"level":"info","message":"Welcome to Slack. You are @blonker of devstudio","timestamp":"2015-03-17T18:56:23.162Z"}
{"level":"info","message":"You are in: #general","timestamp":"2015-03-17T18:56:23.162Z"}
{"level":"info","message":"As well as: ","timestamp":"2015-03-17T18:56:23.162Z"}
{"level":"info","message":"You have 3 unread messages","timestamp":"2015-03-17T18:56:23.162Z"}
{"level":"info","message":"[Client: 54f4b9f27355bca9db02ee3f - Mobilizr] Error: ENOTFOUND","timestamp":"2015-03-17T19:16:54.635Z"}
{"level":"info","message":"[Client: 54f4b9f27355bca9db02ee40 - C2G Studio] Error: ENOTFOUND","timestamp":"2015-03-17T19:16:54.636Z"}
{"level":"info","message":"[Client: 54f4b9f27355bca9db02ee3f - Mobilizr] Connection established...listening for messages","timestamp":"2015-03-17T19:17:01.084Z"}
{"level":"info","message":"Welcome to Slack. You are @blanka of Mobilizr","timestamp":"2015-03-17T19:17:01.085Z"}
{"level":"info","message":"You are in: #general","timestamp":"2015-03-17T19:17:01.085Z"}
{"level":"info","message":"As well as: ","timestamp":"2015-03-17T19:17:01.085Z"}
{"level":"info","message":"You have 1 unread message","timestamp":"2015-03-17T19:17:01.085Z"}
{"level":"info","message":"[Client: 54f4b9f27355bca9db02ee40 - C2G Studio] Connection established...listening for messages","timestamp":"2015-03-17T19:17:01.167Z"}
{"level":"info","message":"Welcome to Slack. You are @blonker of devstudio","timestamp":"2015-03-17T19:17:01.168Z"}
{"level":"info","message":"You are in: #general","timestamp":"2015-03-17T19:17:01.168Z"}
{"level":"info","message":"As well as: ","timestamp":"2015-03-17T19:17:01.168Z"}
{"level":"info","message":"You have 3 unread messages","timestamp":"2015-03-17T19:17:01.168Z"}
{"level":"info","message":"Piper server listening on port 3000 in development mode","timestamp":"2015-03-17T20:57:48.334Z"}
{"level":"info","message":"Successfully connected to: mongodb://localhost/piper","timestamp":"2015-03-17T20:57:48.348Z"}
{"level":"info","message":"Updating registry for client mobilizr...","timestamp":"2015-03-17T20:57:48.352Z"}
{"level":"info","message":"Updating registry for client c2gstudio...","timestamp":"2015-03-17T20:57:48.377Z"}
{"level":"info","message":"Registered connection for client: mobilizr","timestamp":"2015-03-17T20:57:48.381Z"}
{"level":"info","message":"Registered connection for client: c2gstudio","timestamp":"2015-03-17T20:57:48.381Z"}
{"level":"info","message":"[Client: 54f4b9f27355bca9db02ee3f - Mobilizr] Connection established...listening for messages","timestamp":"2015-03-17T20:57:52.666Z"}
{"level":"info","message":"Welcome to Slack. You are @blanka of Mobilizr","timestamp":"2015-03-17T20:57:52.666Z"}
{"level":"info","message":"You are in: #general","timestamp":"2015-03-17T20:57:52.667Z"}
{"level":"info","message":"As well as: ","timestamp":"2015-03-17T20:57:52.667Z"}
{"level":"info","message":"You have 1 unread message","timestamp":"2015-03-17T20:57:52.667Z"}
{"level":"info","message":"[Client: 54f4b9f27355bca9db02ee40 - C2G Studio] Connection established...listening for messages","timestamp":"2015-03-17T20:57:52.972Z"}
{"level":"info","message":"Welcome to Slack. You are @blonker of devstudio","timestamp":"2015-03-17T20:57:52.972Z"}
{"level":"info","message":"You are in: #general","timestamp":"2015-03-17T20:57:52.972Z"}
{"level":"info","message":"As well as: ","timestamp":"2015-03-17T20:57:52.972Z"}
{"level":"info","message":"You have 3 unread messages","timestamp":"2015-03-17T20:57:52.972Z"}
{"level":"info","message":"Piper server listening on port 3000 in development mode","timestamp":"2015-03-19T08:35:20.614Z"}
{"level":"info","message":"Successfully connected to: mongodb://localhost/piper","timestamp":"2015-03-19T08:35:20.630Z"}
{"level":"info","message":"Updating registry for client mobilizr...","timestamp":"2015-03-19T08:35:20.635Z"}
{"level":"info","message":"Updating registry for client c2gstudio...","timestamp":"2015-03-19T08:35:20.657Z"}
{"level":"info","message":"Registered connection for client: mobilizr","timestamp":"2015-03-19T08:35:20.660Z"}
{"level":"info","message":"Registered connection for client: c2gstudio","timestamp":"2015-03-19T08:35:20.660Z"}
{"level":"info","message":"[Client: 54f4b9f27355bca9db02ee3f - Mobilizr] Connection established...listening for messages","timestamp":"2015-03-19T08:35:24.215Z"}
{"level":"info","message":"Welcome to Slack. You are @blanka of Mobilizr","timestamp":"2015-03-19T08:35:24.215Z"}
{"level":"info","message":"You are in: #general","timestamp":"2015-03-19T08:35:24.215Z"}
{"level":"info","message":"As well as: ","timestamp":"2015-03-19T08:35:24.215Z"}
{"level":"info","message":"You have 1 unread message","timestamp":"2015-03-19T08:35:24.216Z"}
{"level":"info","message":"SLACK_CONNECTION: Connection Opened","timestamp":"2015-03-19T08:35:24.216Z"}
{"level":"info","message":"[Client: 54f4b9f27355bca9db02ee40 - C2G Studio] Connection established...listening for messages","timestamp":"2015-03-19T08:35:24.282Z"}
{"level":"info","message":"Welcome to Slack. You are @blonker of devstudio","timestamp":"2015-03-19T08:35:24.282Z"}
{"level":"info","message":"You are in: #general","timestamp":"2015-03-19T08:35:24.282Z"}
{"level":"info","message":"As well as: ","timestamp":"2015-03-19T08:35:24.282Z"}
{"level":"info","message":"You have 4 unread messages","timestamp":"2015-03-19T08:35:24.283Z"}
{"level":"info","message":"SLACK_CONNECTION: Connection Opened","timestamp":"2015-03-19T08:35:24.283Z"}
{"level":"info","message":"Received: message kachi @kachi 1426754136.000002 \"hey\"","timestamp":"2015-03-19T08:35:36.852Z"}
{"level":"info","message":"SLACK_CONNECTION: Message Received","timestamp":"2015-03-19T08:35:36.853Z"}
{"level":"info","message":"No context: {\"state\":\"\"}","timestamp":"2015-03-19T08:35:36.855Z"}
{"level":"info","message":"@blanka responded with \"Hows it going?\"","timestamp":"2015-03-19T08:35:40.647Z"}
{"level":"info","message":"[Client: 54f4b9f27355bca9db02ee3f - Mobilizr] Response dispatched to kachi for message: hey","timestamp":"2015-03-19T08:35:40.647Z"}
{"level":"info","message":"Piper server listening on port 3000 in development mode","timestamp":"2015-03-25T14:52:19.475Z"}
{"level":"info","message":"Successfully connected to: mongodb://localhost/piper","timestamp":"2015-03-25T14:52:19.490Z"}
{"level":"info","message":"Updating registry for client mobilizr...","timestamp":"2015-03-25T14:52:19.494Z"}
{"level":"info","message":"Updating registry for client c2gstudio...","timestamp":"2015-03-25T14:52:19.507Z"}
{"level":"info","message":"Registered connection for client: mobilizr","timestamp":"2015-03-25T14:52:19.510Z"}
{"level":"info","message":"Registered connection for client: c2gstudio","timestamp":"2015-03-25T14:52:19.510Z"}
{"level":"info","message":"[Client: 54f4b9f27355bca9db02ee3f - Mobilizr] Connection established...listening for messages","timestamp":"2015-03-25T14:52:23.832Z"}
{"level":"info","message":"Welcome to Slack. You are @blanka of Mobilizr","timestamp":"2015-03-25T14:52:23.832Z"}
{"level":"info","message":"You are in: #general","timestamp":"2015-03-25T14:52:23.832Z"}
{"level":"info","message":"As well as: ","timestamp":"2015-03-25T14:52:23.832Z"}
{"level":"info","message":"You have 0 unread messages","timestamp":"2015-03-25T14:52:23.833Z"}
{"level":"info","message":"SLACK_CONNECTION: Connection Opened","timestamp":"2015-03-25T14:52:23.833Z"}
{"level":"info","message":"[Client: 54f4b9f27355bca9db02ee40 - C2G Studio] Connection established...listening for messages","timestamp":"2015-03-25T14:52:23.884Z"}
{"level":"info","message":"Welcome to Slack. You are @blonker of devstudio","timestamp":"2015-03-25T14:52:23.884Z"}
{"level":"info","message":"You are in: #general","timestamp":"2015-03-25T14:52:23.884Z"}
{"level":"info","message":"As well as: ","timestamp":"2015-03-25T14:52:23.884Z"}
{"level":"info","message":"You have 4 unread messages","timestamp":"2015-03-25T14:52:23.884Z"}
{"level":"info","message":"SLACK_CONNECTION: Connection Opened","timestamp":"2015-03-25T14:52:23.884Z"}
