[Sat May 02 2015 17:20:06 GMT+0100 (WAT)] INFO Successfully connected to: mongodb://localhost/piper
[Sat May 02 2015 17:20:06 GMT+0100 (WAT)] INFO Updating registry for client mobilizr...
[Sat May 02 2015 17:20:06 GMT+0100 (WAT)] INFO Updating registry for client c2gstudio...
[Sat May 02 2015 17:20:06 GMT+0100 (WAT)] INFO Registered connection for client: mobilizr
[Sat May 02 2015 17:20:06 GMT+0100 (WAT)] INFO Registered connection for client: c2gstudio
[Sat May 02 2015 17:20:06 GMT+0100 (WAT)] INFO CHITCHAT Handler <piper.events.out>: Binding to mobilizr.chitchat...
[Sat May 02 2015 17:20:06 GMT+0100 (WAT)] INFO CHITCHAT Handler <piper.events.out>: Binding to c2gstudio.chitchat...
[Sat May 02 2015 17:20:07 GMT+0100 (WAT)] INFO Piper Controller: MQ Exchange <piper.events.in> connected
[Sat May 02 2015 17:20:10 GMT+0100 (WAT)] INFO MOBILIZR: Connection established...listening for messages
[Sat May 02 2015 17:20:10 GMT+0100 (WAT)] INFO Welcome to Slack. You are @blanka of Mobilizr
[Sat May 02 2015 17:20:10 GMT+0100 (WAT)] INFO SLACK_CONNECTION: Connection Opened
[Sat May 02 2015 17:20:10 GMT+0100 (WAT)] INFO C2G STUDIO: Connection established...listening for messages
[Sat May 02 2015 17:20:10 GMT+0100 (WAT)] INFO Welcome to Slack. You are @blonker of c2gstudio
[Sat May 02 2015 17:20:10 GMT+0100 (WAT)] INFO SLACK_CONNECTION: Connection Opened
[Sat May 02 2015 17:20:41 GMT+0100 (WAT)] INFO Piper Controller: Connecting to MQ Exchange <piper.events.in>...
[Sat May 02 2015 17:20:41 GMT+0100 (WAT)] INFO CHITCHAT Handler: Connecting to MQ Exchange <piper.events.out>...
[Sat May 02 2015 17:20:41 GMT+0100 (WAT)] INFO SALES Handler: Connecting to MQ Exchange <piper.events.out>...
[Sat May 02 2015 17:20:41 GMT+0100 (WAT)] ERROR uncaughtException: Error transforming /Users/cizukanne/Development/workspace/piper/uber/app.js to JSX: Error: Parse Error: Line 128: Unexpected token default
	{"date":"Sat May 02 2015 17:20:41 GMT+0100 (WAT)","process":{"pid":29174,"uid":502,"gid":20,"cwd":"/Users/cizukanne/Development/workspace/piper","execPath":"/usr/local/bin/node","version":"v0.10.35","argv":["node","/Users/cizukanne/Development/workspace/piper/server","server.js"],"memoryUsage":{"rss":103559168,"heapTotal":85042176,"heapUsed":61306432}},"os":{"loadavg":[2.23876953125,1.783203125,1.69970703125],"uptime":1639710},"trace":[{"column":13,"file":"/Users/cizukanne/Development/workspace/piper/node_modules/node-jsx/index.js","function":"Object.require.extensions.(anonymous function) [as .js]","line":24,"method":"require.extensions.(anonymous function) [as .js]","native":false},{"column":32,"file":"module.js","function":"Module.load","line":356,"method":"load","native":false},{"column":12,"file":"module.js","function":"Function.Module._load","line":312,"method":"Module._load","native":false},{"column":17,"file":"module.js","function":"Module.require","line":364,"method":"require","native":false},{"column":17,"file":"module.js","function":"require","line":380,"method":null,"native":false},{"column":34,"file":"/Users/cizukanne/Development/workspace/piper/server.js","function":"","line":29,"method":null,"native":false},{"column":26,"file":"module.js","function":"Module._compile","line":456,"method":"_compile","native":false},{"column":10,"file":"module.js","function":"Object.Module._extensions..js","line":474,"method":"Module._extensions..js","native":false},{"column":32,"file":"module.js","function":"Module.load","line":356,"method":"load","native":false},{"column":12,"file":"module.js","function":"Function.Module._load","line":312,"method":"Module._load","native":false},{"column":10,"file":"module.js","function":"Function.Module.runMain","line":497,"method":"Module.runMain","native":false},{"column":16,"file":"node.js","function":"startup","line":119,"method":null,"native":false},{"column":3,"file":"node.js","function":null,"line":929,"method":null,"native":false}],"stack":["Error: Error transforming /Users/cizukanne/Development/workspace/piper/uber/app.js to JSX: Error: Parse Error: Line 128: Unexpected token default","    at Object.require.extensions.(anonymous function) [as .js] (/Users/cizukanne/Development/workspace/piper/node_modules/node-jsx/index.js:24:13)","    at Module.load (module.js:356:32)","    at Function.Module._load (module.js:312:12)","    at Module.require (module.js:364:17)","    at require (module.js:380:17)","    at Object.<anonymous> (/Users/cizukanne/Development/workspace/piper/server.js:29:34)","    at Module._compile (module.js:456:26)","    at Object.Module._extensions..js (module.js:474:10)","    at Module.load (module.js:356:32)","    at Function.Module._load (module.js:312:12)","    at Function.Module.runMain (module.js:497:10)","    at startup (node.js:119:16)","    at node.js:929:3"]}
[Sat May 02 2015 17:20:42 GMT+0100 (WAT)] INFO Successfully connected to: mongodb://localhost/piper
[Sat May 02 2015 17:20:42 GMT+0100 (WAT)] INFO Updating registry for client mobilizr...
[Sat May 02 2015 17:20:42 GMT+0100 (WAT)] INFO Updating registry for client c2gstudio...
[Sat May 02 2015 17:20:42 GMT+0100 (WAT)] INFO Registered connection for client: mobilizr
[Sat May 02 2015 17:20:42 GMT+0100 (WAT)] INFO Registered connection for client: c2gstudio
[Sat May 02 2015 17:20:42 GMT+0100 (WAT)] INFO CHITCHAT Handler <piper.events.out>: Binding to mobilizr.chitchat...
[Sat May 02 2015 17:20:42 GMT+0100 (WAT)] INFO CHITCHAT Handler <piper.events.out>: Binding to c2gstudio.chitchat...
[Sat May 02 2015 17:20:42 GMT+0100 (WAT)] INFO Piper Controller: MQ Exchange <piper.events.in> connected
[Sat May 02 2015 17:20:44 GMT+0100 (WAT)] INFO C2G STUDIO: Connection established...listening for messages
[Sat May 02 2015 17:20:44 GMT+0100 (WAT)] INFO Welcome to Slack. You are @blonker of c2gstudio
[Sat May 02 2015 17:20:44 GMT+0100 (WAT)] INFO SLACK_CONNECTION: Connection Opened
[Sat May 02 2015 17:20:45 GMT+0100 (WAT)] INFO MOBILIZR: Connection established...listening for messages
[Sat May 02 2015 17:20:45 GMT+0100 (WAT)] INFO Welcome to Slack. You are @blanka of Mobilizr
[Sat May 02 2015 17:20:45 GMT+0100 (WAT)] INFO SLACK_CONNECTION: Connection Opened
[Sat May 02 2015 17:24:11 GMT+0100 (WAT)] INFO Piper Controller: Connecting to MQ Exchange <piper.events.in>...
[Sat May 02 2015 17:24:12 GMT+0100 (WAT)] INFO CHITCHAT Handler: Connecting to MQ Exchange <piper.events.out>...
[Sat May 02 2015 17:24:12 GMT+0100 (WAT)] INFO SALES Handler: Connecting to MQ Exchange <piper.events.out>...
[Sat May 02 2015 17:24:12 GMT+0100 (WAT)] ERROR uncaughtException: Error transforming /Users/cizukanne/Development/workspace/piper/uber/app.js to JSX: Error: Parse Error: Line 128: Unexpected token default
	{"date":"Sat May 02 2015 17:24:12 GMT+0100 (WAT)","process":{"pid":29981,"uid":502,"gid":20,"cwd":"/Users/cizukanne/Development/workspace/piper","execPath":"/usr/local/bin/node","version":"v0.10.35","argv":["node","/Users/cizukanne/Development/workspace/piper/server","server.js"],"memoryUsage":{"rss":104960000,"heapTotal":87106048,"heapUsed":50500864}},"os":{"loadavg":[2.3134765625,1.90771484375,1.7587890625],"uptime":1639921},"trace":[{"column":13,"file":"/Users/cizukanne/Development/workspace/piper/node_modules/node-jsx/index.js","function":"Object.require.extensions.(anonymous function) [as .js]","line":24,"method":"require.extensions.(anonymous function) [as .js]","native":false},{"column":32,"file":"module.js","function":"Module.load","line":356,"method":"load","native":false},{"column":12,"file":"module.js","function":"Function.Module._load","line":312,"method":"Module._load","native":false},{"column":17,"file":"module.js","function":"Module.require","line":364,"method":"require","native":false},{"column":17,"file":"module.js","function":"require","line":380,"method":null,"native":false},{"column":34,"file":"/Users/cizukanne/Development/workspace/piper/server.js","function":"","line":29,"method":null,"native":false},{"column":26,"file":"module.js","function":"Module._compile","line":456,"method":"_compile","native":false},{"column":10,"file":"module.js","function":"Object.Module._extensions..js","line":474,"method":"Module._extensions..js","native":false},{"column":32,"file":"module.js","function":"Module.load","line":356,"method":"load","native":false},{"column":12,"file":"module.js","function":"Function.Module._load","line":312,"method":"Module._load","native":false},{"column":10,"file":"module.js","function":"Function.Module.runMain","line":497,"method":"Module.runMain","native":false},{"column":16,"file":"node.js","function":"startup","line":119,"method":null,"native":false},{"column":3,"file":"node.js","function":null,"line":929,"method":null,"native":false}],"stack":["Error: Error transforming /Users/cizukanne/Development/workspace/piper/uber/app.js to JSX: Error: Parse Error: Line 128: Unexpected token default","    at Object.require.extensions.(anonymous function) [as .js] (/Users/cizukanne/Development/workspace/piper/node_modules/node-jsx/index.js:24:13)","    at Module.load (module.js:356:32)","    at Function.Module._load (module.js:312:12)","    at Module.require (module.js:364:17)","    at require (module.js:380:17)","    at Object.<anonymous> (/Users/cizukanne/Development/workspace/piper/server.js:29:34)","    at Module._compile (module.js:456:26)","    at Object.Module._extensions..js (module.js:474:10)","    at Module.load (module.js:356:32)","    at Function.Module._load (module.js:312:12)","    at Function.Module.runMain (module.js:497:10)","    at startup (node.js:119:16)","    at node.js:929:3"]}
[Sat May 02 2015 17:24:12 GMT+0100 (WAT)] INFO Successfully connected to: mongodb://localhost/piper
[Sat May 02 2015 17:24:12 GMT+0100 (WAT)] INFO Updating registry for client mobilizr...
[Sat May 02 2015 17:24:12 GMT+0100 (WAT)] INFO Updating registry for client c2gstudio...
[Sat May 02 2015 17:24:12 GMT+0100 (WAT)] INFO Registered connection for client: mobilizr
[Sat May 02 2015 17:24:12 GMT+0100 (WAT)] INFO Registered connection for client: c2gstudio
[Sat May 02 2015 17:24:12 GMT+0100 (WAT)] INFO CHITCHAT Handler <piper.events.out>: Binding to mobilizr.chitchat...
[Sat May 02 2015 17:24:12 GMT+0100 (WAT)] INFO CHITCHAT Handler <piper.events.out>: Binding to c2gstudio.chitchat...
[Sat May 02 2015 17:24:13 GMT+0100 (WAT)] INFO Piper Controller: MQ Exchange <piper.events.in> connected
[Sat May 02 2015 17:24:16 GMT+0100 (WAT)] INFO MOBILIZR: Connection established...listening for messages
[Sat May 02 2015 17:24:16 GMT+0100 (WAT)] INFO Welcome to Slack. You are @blanka of Mobilizr
[Sat May 02 2015 17:24:16 GMT+0100 (WAT)] INFO SLACK_CONNECTION: Connection Opened
[Sat May 02 2015 17:24:16 GMT+0100 (WAT)] INFO C2G STUDIO: Connection established...listening for messages
[Sat May 02 2015 17:24:16 GMT+0100 (WAT)] INFO Welcome to Slack. You are @blonker of c2gstudio
[Sat May 02 2015 17:24:16 GMT+0100 (WAT)] INFO SLACK_CONNECTION: Connection Opened
[Sat May 02 2015 17:25:24 GMT+0100 (WAT)] INFO Piper Controller: Connecting to MQ Exchange <piper.events.in>...
[Sat May 02 2015 17:25:25 GMT+0100 (WAT)] INFO CHITCHAT Handler: Connecting to MQ Exchange <piper.events.out>...
[Sat May 02 2015 17:25:25 GMT+0100 (WAT)] INFO SALES Handler: Connecting to MQ Exchange <piper.events.out>...
[Sat May 02 2015 17:25:25 GMT+0100 (WAT)] ERROR uncaughtException: Error transforming /Users/cizukanne/Development/workspace/piper/uber/app.js to JSX: Error: Parse Error: Line 128: Unexpected token default
	{"date":"Sat May 02 2015 17:25:25 GMT+0100 (WAT)","process":{"pid":30260,"uid":502,"gid":20,"cwd":"/Users/cizukanne/Development/workspace/piper","execPath":"/usr/local/bin/node","version":"v0.10.35","argv":["node","/Users/cizukanne/Development/workspace/piper/server","server.js"],"memoryUsage":{"rss":102830080,"heapTotal":85042176,"heapUsed":60148384}},"os":{"loadavg":[1.73046875,1.8427734375,1.74462890625],"uptime":1639994},"trace":[{"column":13,"file":"/Users/cizukanne/Development/workspace/piper/node_modules/node-jsx/index.js","function":"Object.require.extensions.(anonymous function) [as .js]","line":24,"method":"require.extensions.(anonymous function) [as .js]","native":false},{"column":32,"file":"module.js","function":"Module.load","line":356,"method":"load","native":false},{"column":12,"file":"module.js","function":"Function.Module._load","line":312,"method":"Module._load","native":false},{"column":17,"file":"module.js","function":"Module.require","line":364,"method":"require","native":false},{"column":17,"file":"module.js","function":"require","line":380,"method":null,"native":false},{"column":34,"file":"/Users/cizukanne/Development/workspace/piper/server.js","function":"","line":29,"method":null,"native":false},{"column":26,"file":"module.js","function":"Module._compile","line":456,"method":"_compile","native":false},{"column":10,"file":"module.js","function":"Object.Module._extensions..js","line":474,"method":"Module._extensions..js","native":false},{"column":32,"file":"module.js","function":"Module.load","line":356,"method":"load","native":false},{"column":12,"file":"module.js","function":"Function.Module._load","line":312,"method":"Module._load","native":false},{"column":10,"file":"module.js","function":"Function.Module.runMain","line":497,"method":"Module.runMain","native":false},{"column":16,"file":"node.js","function":"startup","line":119,"method":null,"native":false},{"column":3,"file":"node.js","function":null,"line":929,"method":null,"native":false}],"stack":["Error: Error transforming /Users/cizukanne/Development/workspace/piper/uber/app.js to JSX: Error: Parse Error: Line 128: Unexpected token default","    at Object.require.extensions.(anonymous function) [as .js] (/Users/cizukanne/Development/workspace/piper/node_modules/node-jsx/index.js:24:13)","    at Module.load (module.js:356:32)","    at Function.Module._load (module.js:312:12)","    at Module.require (module.js:364:17)","    at require (module.js:380:17)","    at Object.<anonymous> (/Users/cizukanne/Development/workspace/piper/server.js:29:34)","    at Module._compile (module.js:456:26)","    at Object.Module._extensions..js (module.js:474:10)","    at Module.load (module.js:356:32)","    at Function.Module._load (module.js:312:12)","    at Function.Module.runMain (module.js:497:10)","    at startup (node.js:119:16)","    at node.js:929:3"]}
[Sat May 02 2015 17:25:25 GMT+0100 (WAT)] INFO Successfully connected to: mongodb://localhost/piper
[Sat May 02 2015 17:25:25 GMT+0100 (WAT)] INFO Updating registry for client mobilizr...
[Sat May 02 2015 17:25:25 GMT+0100 (WAT)] INFO Updating registry for client c2gstudio...
[Sat May 02 2015 17:25:25 GMT+0100 (WAT)] INFO Registered connection for client: mobilizr
[Sat May 02 2015 17:25:25 GMT+0100 (WAT)] INFO Registered connection for client: c2gstudio
[Sat May 02 2015 17:25:25 GMT+0100 (WAT)] INFO CHITCHAT Handler <piper.events.out>: Binding to mobilizr.chitchat...
[Sat May 02 2015 17:25:25 GMT+0100 (WAT)] INFO CHITCHAT Handler <piper.events.out>: Binding to c2gstudio.chitchat...
[Sat May 02 2015 17:25:25 GMT+0100 (WAT)] INFO Piper Controller: MQ Exchange <piper.events.in> connected
[Sat May 02 2015 17:25:28 GMT+0100 (WAT)] INFO MOBILIZR: Connection established...listening for messages
[Sat May 02 2015 17:25:28 GMT+0100 (WAT)] INFO Welcome to Slack. You are @blanka of Mobilizr
[Sat May 02 2015 17:25:28 GMT+0100 (WAT)] INFO SLACK_CONNECTION: Connection Opened
[Sat May 02 2015 17:25:28 GMT+0100 (WAT)] INFO C2G STUDIO: Connection established...listening for messages
[Sat May 02 2015 17:25:28 GMT+0100 (WAT)] INFO Welcome to Slack. You are @blonker of c2gstudio
[Sat May 02 2015 17:25:28 GMT+0100 (WAT)] INFO SLACK_CONNECTION: Connection Opened
[Sat May 02 2015 17:25:32 GMT+0100 (WAT)] INFO Piper Controller: Connecting to MQ Exchange <piper.events.in>...
[Sat May 02 2015 17:25:32 GMT+0100 (WAT)] INFO CHITCHAT Handler: Connecting to MQ Exchange <piper.events.out>...
[Sat May 02 2015 17:25:32 GMT+0100 (WAT)] INFO SALES Handler: Connecting to MQ Exchange <piper.events.out>...
[Sat May 02 2015 17:25:32 GMT+0100 (WAT)] ERROR uncaughtException: Error transforming /Users/cizukanne/Development/workspace/piper/uber/app.js to JSX: Error: Parse Error: Line 128: Unexpected token default
	{"date":"Sat May 02 2015 17:25:32 GMT+0100 (WAT)","process":{"pid":30298,"uid":502,"gid":20,"cwd":"/Users/cizukanne/Development/workspace/piper","execPath":"/usr/local/bin/node","version":"v0.10.35","argv":["node","/Users/cizukanne/Development/workspace/piper/server","server.js"],"memoryUsage":{"rss":105054208,"heapTotal":87106048,"heapUsed":50027288}},"os":{"loadavg":[1.671875,1.82861328125,1.740234375],"uptime":1640001},"trace":[{"column":13,"file":"/Users/cizukanne/Development/workspace/piper/node_modules/node-jsx/index.js","function":"Object.require.extensions.(anonymous function) [as .js]","line":24,"method":"require.extensions.(anonymous function) [as .js]","native":false},{"column":32,"file":"module.js","function":"Module.load","line":356,"method":"load","native":false},{"column":12,"file":"module.js","function":"Function.Module._load","line":312,"method":"Module._load","native":false},{"column":17,"file":"module.js","function":"Module.require","line":364,"method":"require","native":false},{"column":17,"file":"module.js","function":"require","line":380,"method":null,"native":false},{"column":34,"file":"/Users/cizukanne/Development/workspace/piper/server.js","function":"","line":29,"method":null,"native":false},{"column":26,"file":"module.js","function":"Module._compile","line":456,"method":"_compile","native":false},{"column":10,"file":"module.js","function":"Object.Module._extensions..js","line":474,"method":"Module._extensions..js","native":false},{"column":32,"file":"module.js","function":"Module.load","line":356,"method":"load","native":false},{"column":12,"file":"module.js","function":"Function.Module._load","line":312,"method":"Module._load","native":false},{"column":10,"file":"module.js","function":"Function.Module.runMain","line":497,"method":"Module.runMain","native":false},{"column":16,"file":"node.js","function":"startup","line":119,"method":null,"native":false},{"column":3,"file":"node.js","function":null,"line":929,"method":null,"native":false}],"stack":["Error: Error transforming /Users/cizukanne/Development/workspace/piper/uber/app.js to JSX: Error: Parse Error: Line 128: Unexpected token default","    at Object.require.extensions.(anonymous function) [as .js] (/Users/cizukanne/Development/workspace/piper/node_modules/node-jsx/index.js:24:13)","    at Module.load (module.js:356:32)","    at Function.Module._load (module.js:312:12)","    at Module.require (module.js:364:17)","    at require (module.js:380:17)","    at Object.<anonymous> (/Users/cizukanne/Development/workspace/piper/server.js:29:34)","    at Module._compile (module.js:456:26)","    at Object.Module._extensions..js (module.js:474:10)","    at Module.load (module.js:356:32)","    at Function.Module._load (module.js:312:12)","    at Function.Module.runMain (module.js:497:10)","    at startup (node.js:119:16)","    at node.js:929:3"]}
[Sat May 02 2015 17:25:32 GMT+0100 (WAT)] INFO Successfully connected to: mongodb://localhost/piper
[Sat May 02 2015 17:25:32 GMT+0100 (WAT)] INFO Updating registry for client mobilizr...
[Sat May 02 2015 17:25:32 GMT+0100 (WAT)] INFO Updating registry for client c2gstudio...
[Sat May 02 2015 17:25:32 GMT+0100 (WAT)] INFO Registered connection for client: mobilizr
[Sat May 02 2015 17:25:32 GMT+0100 (WAT)] INFO Registered connection for client: c2gstudio
[Sat May 02 2015 17:25:32 GMT+0100 (WAT)] INFO CHITCHAT Handler <piper.events.out>: Binding to mobilizr.chitchat...
[Sat May 02 2015 17:25:32 GMT+0100 (WAT)] INFO CHITCHAT Handler <piper.events.out>: Binding to c2gstudio.chitchat...
[Sat May 02 2015 17:25:32 GMT+0100 (WAT)] INFO Piper Controller: MQ Exchange <piper.events.in> connected
[Sat May 02 2015 17:25:35 GMT+0100 (WAT)] INFO MOBILIZR: Connection established...listening for messages
[Sat May 02 2015 17:25:35 GMT+0100 (WAT)] INFO Welcome to Slack. You are @blanka of Mobilizr
[Sat May 02 2015 17:25:35 GMT+0100 (WAT)] INFO SLACK_CONNECTION: Connection Opened
[Sat May 02 2015 17:25:35 GMT+0100 (WAT)] INFO C2G STUDIO: Connection established...listening for messages
[Sat May 02 2015 17:25:35 GMT+0100 (WAT)] INFO Welcome to Slack. You are @blonker of c2gstudio
[Sat May 02 2015 17:25:35 GMT+0100 (WAT)] INFO SLACK_CONNECTION: Connection Opened
[Sat May 02 2015 17:25:43 GMT+0100 (WAT)] INFO Piper Controller: Connecting to MQ Exchange <piper.events.in>...
[Sat May 02 2015 17:25:43 GMT+0100 (WAT)] INFO CHITCHAT Handler: Connecting to MQ Exchange <piper.events.out>...
[Sat May 02 2015 17:25:43 GMT+0100 (WAT)] INFO SALES Handler: Connecting to MQ Exchange <piper.events.out>...
[Sat May 02 2015 17:25:43 GMT+0100 (WAT)] ERROR uncaughtException: Error transforming /Users/cizukanne/Development/workspace/piper/uber/app.js to JSX: Error: Parse Error: Line 128: Unexpected token default
	{"date":"Sat May 02 2015 17:25:43 GMT+0100 (WAT)","process":{"pid":30345,"uid":502,"gid":20,"cwd":"/Users/cizukanne/Development/workspace/piper","execPath":"/usr/local/bin/node","version":"v0.10.35","argv":["node","/Users/cizukanne/Development/workspace/piper/server","server.js"],"memoryUsage":{"rss":105279488,"heapTotal":86074112,"heapUsed":56091776}},"os":{"loadavg":[1.88818359375,1.8671875,1.7548828125],"uptime":1640012},"trace":[{"column":13,"file":"/Users/cizukanne/Development/workspace/piper/node_modules/node-jsx/index.js","function":"Object.require.extensions.(anonymous function) [as .js]","line":24,"method":"require.extensions.(anonymous function) [as .js]","native":false},{"column":32,"file":"module.js","function":"Module.load","line":356,"method":"load","native":false},{"column":12,"file":"module.js","function":"Function.Module._load","line":312,"method":"Module._load","native":false},{"column":17,"file":"module.js","function":"Module.require","line":364,"method":"require","native":false},{"column":17,"file":"module.js","function":"require","line":380,"method":null,"native":false},{"column":34,"file":"/Users/cizukanne/Development/workspace/piper/server.js","function":"","line":29,"method":null,"native":false},{"column":26,"file":"module.js","function":"Module._compile","line":456,"method":"_compile","native":false},{"column":10,"file":"module.js","function":"Object.Module._extensions..js","line":474,"method":"Module._extensions..js","native":false},{"column":32,"file":"module.js","function":"Module.load","line":356,"method":"load","native":false},{"column":12,"file":"module.js","function":"Function.Module._load","line":312,"method":"Module._load","native":false},{"column":10,"file":"module.js","function":"Function.Module.runMain","line":497,"method":"Module.runMain","native":false},{"column":16,"file":"node.js","function":"startup","line":119,"method":null,"native":false},{"column":3,"file":"node.js","function":null,"line":929,"method":null,"native":false}],"stack":["Error: Error transforming /Users/cizukanne/Development/workspace/piper/uber/app.js to JSX: Error: Parse Error: Line 128: Unexpected token default","    at Object.require.extensions.(anonymous function) [as .js] (/Users/cizukanne/Development/workspace/piper/node_modules/node-jsx/index.js:24:13)","    at Module.load (module.js:356:32)","    at Function.Module._load (module.js:312:12)","    at Module.require (module.js:364:17)","    at require (module.js:380:17)","    at Object.<anonymous> (/Users/cizukanne/Development/workspace/piper/server.js:29:34)","    at Module._compile (module.js:456:26)","    at Object.Module._extensions..js (module.js:474:10)","    at Module.load (module.js:356:32)","    at Function.Module._load (module.js:312:12)","    at Function.Module.runMain (module.js:497:10)","    at startup (node.js:119:16)","    at node.js:929:3"]}
[Sat May 02 2015 17:25:43 GMT+0100 (WAT)] INFO Successfully connected to: mongodb://localhost/piper
[Sat May 02 2015 17:25:43 GMT+0100 (WAT)] INFO Updating registry for client mobilizr...
[Sat May 02 2015 17:25:43 GMT+0100 (WAT)] INFO Updating registry for client c2gstudio...
[Sat May 02 2015 17:25:43 GMT+0100 (WAT)] INFO Registered connection for client: mobilizr
[Sat May 02 2015 17:25:43 GMT+0100 (WAT)] INFO Registered connection for client: c2gstudio
[Sat May 02 2015 17:25:43 GMT+0100 (WAT)] INFO CHITCHAT Handler <piper.events.out>: Binding to mobilizr.chitchat...
[Sat May 02 2015 17:25:43 GMT+0100 (WAT)] INFO CHITCHAT Handler <piper.events.out>: Binding to c2gstudio.chitchat...
[Sat May 02 2015 17:25:43 GMT+0100 (WAT)] INFO Piper Controller: MQ Exchange <piper.events.in> connected
[Sat May 02 2015 17:25:46 GMT+0100 (WAT)] INFO MOBILIZR: Connection established...listening for messages
[Sat May 02 2015 17:25:46 GMT+0100 (WAT)] INFO Welcome to Slack. You are @blanka of Mobilizr
[Sat May 02 2015 17:25:46 GMT+0100 (WAT)] INFO SLACK_CONNECTION: Connection Opened
[Sat May 02 2015 17:25:46 GMT+0100 (WAT)] INFO C2G STUDIO: Connection established...listening for messages
[Sat May 02 2015 17:25:46 GMT+0100 (WAT)] INFO Welcome to Slack. You are @blonker of c2gstudio
[Sat May 02 2015 17:25:46 GMT+0100 (WAT)] INFO SLACK_CONNECTION: Connection Opened
[Sat May 02 2015 17:26:26 GMT+0100 (WAT)] INFO Piper Controller: Connecting to MQ Exchange <piper.events.in>...
[Sat May 02 2015 17:26:27 GMT+0100 (WAT)] INFO CHITCHAT Handler: Connecting to MQ Exchange <piper.events.out>...
[Sat May 02 2015 17:26:27 GMT+0100 (WAT)] INFO SALES Handler: Connecting to MQ Exchange <piper.events.out>...
[Sat May 02 2015 17:26:27 GMT+0100 (WAT)] INFO UBER Handler: Connecting to MQ Exchange <piper.events.out>...
[Sat May 02 2015 17:26:28 GMT+0100 (WAT)] INFO Piper server listening on port 3000 in development mode
[Sat May 02 2015 17:26:28 GMT+0100 (WAT)] INFO Successfully connected to: mongodb://localhost/piper
[Sat May 02 2015 17:26:28 GMT+0100 (WAT)] INFO Updating registry for client mobilizr...
[Sat May 02 2015 17:26:28 GMT+0100 (WAT)] INFO Updating registry for client c2gstudio...
[Sat May 02 2015 17:26:28 GMT+0100 (WAT)] INFO Registered connection for client: mobilizr
[Sat May 02 2015 17:26:28 GMT+0100 (WAT)] INFO Registered connection for client: c2gstudio
[Sat May 02 2015 17:26:28 GMT+0100 (WAT)] INFO CHITCHAT Handler <piper.events.out>: Binding to mobilizr.chitchat...
[Sat May 02 2015 17:26:28 GMT+0100 (WAT)] INFO CHITCHAT Handler <piper.events.out>: Binding to c2gstudio.chitchat...
[Sat May 02 2015 17:26:28 GMT+0100 (WAT)] INFO rides.*: <piper.events.out> connected
[Sat May 02 2015 17:26:28 GMT+0100 (WAT)] INFO Piper Controller: MQ Exchange <piper.events.in> connected
[Sat May 02 2015 17:26:28 GMT+0100 (WAT)] INFO uber.routes: <piper.events.out> connected
[Sat May 02 2015 17:26:31 GMT+0100 (WAT)] INFO C2G STUDIO: Connection established...listening for messages
[Sat May 02 2015 17:26:31 GMT+0100 (WAT)] INFO Welcome to Slack. You are @blonker of c2gstudio
[Sat May 02 2015 17:26:31 GMT+0100 (WAT)] INFO SLACK_CONNECTION: Connection Opened
[Sat May 02 2015 17:26:31 GMT+0100 (WAT)] INFO MOBILIZR: Connection established...listening for messages
[Sat May 02 2015 17:26:31 GMT+0100 (WAT)] INFO Welcome to Slack. You are @blanka of Mobilizr
[Sat May 02 2015 17:26:31 GMT+0100 (WAT)] INFO SLACK_CONNECTION: Connection Opened
